<?xml version="1.0" encoding="UTF-8"?>
<!-- Generated by org.testng.reporters.JUnitXMLReporter -->
<testsuite hostname="DESKTOP-O1JPDAB" name="Test" tests="1" failures="0" timestamp="16 Oct 2017 16:55:42 GMT" time="10.482" errors="0">
  <testcase name="@BeforeMethod initialization" time="0.0" classname="Test.HMSLogin">
    <failure type="java.lang.NullPointerException">
      <![CDATA[java.lang.NullPointerException
	at java.io.FileInputStream.<init>(FileInputStream.java:130)
	at java.io.FileInputStream.<init>(FileInputStream.java:93)
	at com.framework.reader.PropertyFileReader.readingData(PropertyFileReader.java:27)
	at com.framework.core.EnvironmentSetup.getEnvironmentConfiguaration(EnvironmentSetup.java:64)
	at com.framework.core.EnvironmentSetup.setEnvironmentMode(EnvironmentSetup.java:22)
	at com.framework.core.TestBase.initialization(TestBase.java:42)
... Removed 27 stack frames]]>
    </failure>
  </testcase> <!-- @BeforeMethod initialization -->
  <testcase name="@AfterMethod extentEnd" time="0.0" classname="Test.HMSLogin">
    <skipped/>
  </testcase> <!-- @AfterMethod extentEnd -->
  <testcase name="login" time="0.003" classname="Test.HMSLogin">
    <skipped/>
  </testcase> <!-- login -->
</testsuite> <!-- Test -->
