<?xml version="1.0" encoding="UTF-8"?>
<testng-results skipped="0" failed="0" total="1" passed="1">
  <reporter-output>
  </reporter-output>
  <suite name="Default suite" duration-ms="107" started-at="2017-10-16T17:00:27Z" finished-at="2017-10-16T17:00:27Z">
    <groups>
    </groups>
    <test name="Default test" duration-ms="107" started-at="2017-10-16T17:00:27Z" finished-at="2017-10-16T17:00:27Z">
      <class name="com.framework.reader.PropertyFileReader">
        <test-method status="PASS" signature="test()[pri:0, instance:com.framework.reader.PropertyFileReader@5d5eef3d]" name="test" duration-ms="38" started-at="2017-10-16T22:30:27Z" finished-at="2017-10-16T22:30:27Z">
          <reporter-output>
          </reporter-output>
        </test-method> <!-- test -->
      </class> <!-- com.framework.reader.PropertyFileReader -->
    </test> <!-- Default test -->
  </suite> <!-- Default suite -->
</testng-results>
